<?xml version="1.0" encoding="UTF-8"?>
<!-- Generated by org.testng.reporters.JUnitReportReporter -->
<testsuite hostname="DSV" failures="0" tests="1" name="demo1.Test2" time="0.049" errors="0" timestamp="2024-08-20T08:07:52 IST" skipped="0">
  <testcase classname="demo1.Test2" name="test2" time="0.049">
    <system-out>
      <![CDATA[demo1 test2]]>
    </system-out>
  </testcase> <!-- test2 -->
  <system-out>
    <![CDATA[demo1 test2]]>
  </system-out>
</testsuite> <!-- demo1.Test2 -->
