<?xml version="1.0" encoding="UTF-8"?>
<!-- Generated by org.testng.reporters.JUnitReportReporter -->
<testsuite hostname="DSV" failures="0" tests="1" name="demo1.Test1" time="0.036" errors="0" timestamp="2024-08-20T08:06:29 IST" skipped="0">
  <testcase classname="demo1.Test1" name="test1" time="0.036">
    <system-out>
      <![CDATA[demo1 test1]]>
    </system-out>
  </testcase> <!-- test1 -->
  <system-out>
    <![CDATA[demo1 test1]]>
  </system-out>
</testsuite> <!-- demo1.Test1 -->
